#
# A fatal error has been detected by the Java Runtime Environment:
#
#  EXCEPTION_ACCESS_VIOLATION (0xc0000005) at pc=0x00007ffd8ac45236, pid=20320, tid=20848
#
# JRE version: Java(TM) SE Runtime Environment 18.9 (11.0.8+10) (build 11.0.8+10-LTS)
# Java VM: Java HotSpot(TM) 64-Bit Server VM 18.9 (11.0.8+10-LTS, mixed mode, tiered, compressed oops, parallel gc, windows-amd64)
# Problematic frame:
# V  [jvm.dll+0x235236]
#
# No core dump will be written. Minidumps are not enabled by default on client versions of Windows
#
# If you would like to submit a bug report, please visit:
#   https://bugreport.java.com/bugreport/crash.jsp
#

---------------  S U M M A R Y ------------

Command Line: --add-modules=ALL-SYSTEM --add-opens=java.base/java.util=ALL-UNNAMED --add-opens=java.base/java.lang=ALL-UNNAMED -Declipse.application=org.eclipse.jdt.ls.core.id1 -Dosgi.bundles.defaultStartLevel=4 -Declipse.product=org.eclipse.jdt.ls.core.product -Dfile.encoding=utf8 -DwatchParentProcess=false -XX:+UseParallelGC -XX:GCTimeRatio=4 -XX:AdaptiveSizePolicyWeight=90 -Dsun.zip.disableMemoryMapping=true -Xmx1G -Xms100m -Xverify:none c:\Users\Huy Nguyen\.vscode\extensions\redhat.java-0.76.0\server\plugins\org.eclipse.equinox.launcher_1.6.100.v20201223-0822.jar -configuration c:\Users\Huy Nguyen\AppData\Roaming\Code\User\globalStorage\redhat.java\0.76.0\config_win -data c:\Users\Huy Nguyen\AppData\Roaming\Code\User\workspaceStorage\97368539f4f233468a3b03941c36d331\redhat.java\jdt_ws

Host: Intel(R) Core(TM) i5-8600K CPU @ 3.60GHz, 6 cores, 15G,  Windows 10 , 64 bit Build 19041 (10.0.19041.804)
Time: Fri Apr  2 00:13:55 2021 Pacific Daylight Time elapsed time: 2731 seconds (0d 0h 45m 31s)

---------------  T H R E A D  ---------------

Current thread (0x0000024b984b4000):  GCTaskThread "ParGC Thread#0" [stack: 0x0000007f0ac00000,0x0000007f0ad00000] [id=20848]

Stack: [0x0000007f0ac00000,0x0000007f0ad00000],  sp=0x0000007f0acff600,  free space=1021k
Native frames: (J=compiled Java code, j=interpreted, Vv=VM code, C=native code)
V  [jvm.dll+0x235236]
V  [jvm.dll+0x64880d]
V  [jvm.dll+0x30c86a]
V  [jvm.dll+0x6f845c]
V  [jvm.dll+0x600d66]
C  [ucrtbase.dll+0x21bb2]
C  [KERNEL32.DLL+0x17034]
C  [ntdll.dll+0x52651]


siginfo: EXCEPTION_ACCESS_VIOLATION (0xc0000005), data execution prevention violation at address 0x00007ffd02c45000


Register to memory mapping:

RIP=0x00007ffd8ac45236 jvm.dll
RAX=0x0000000000012000 is an unknown value
RBX=0x0000000000000001 is an unknown value
RCX=0x0 is NULL
RDX=0x0000024b98566260 points into unknown readable memory: 73 20 01 00 c6 00 0b 19
RSP=0x0000007f0acff600 points into unknown readable memory: 80 60 56 98 4b 02 00 00
RBP=0x0000007f0acff680 points into unknown readable memory: 00 00 00 00 00 00 00 00
RSI=0x0 is NULL
RDI=0x0000024b98565220 points into unknown readable memory: c8 8c 24 8b fd 7f 00 00
R8 =0x0 is NULL
R9 =0x0000000000000008 is an unknown value
R10=0x0000000000000028 is an unknown value
R11=0x0000007f0acff680 points into unknown readable memory: 00 00 00 00 00 00 00 00
R12=0x0000007f0acff708 points into unknown readable memory: e9 92 9c cb 00 00 00 00
R13=0x0 is NULL
R14=0x0000007f0acff6f0 points into unknown readable memory: 79 8e 6c 7e 4b 02 00 00
R15=0x0000000000000002 is an unknown value


Registers:
RAX=0x0000000000012000, RBX=0x0000000000000001, RCX=0x0000000000000000, RDX=0x0000024b98566260
RSP=0x0000007f0acff600, RBP=0x0000007f0acff680, RSI=0x0000000000000000, RDI=0x0000024b98565220
R8 =0x0000000000000000, R9 =0x0000000000000008, R10=0x0000000000000028, R11=0x0000007f0acff680
R12=0x0000007f0acff708, R13=0x0000000000000000, R14=0x0000007f0acff6f0, R15=0x0000000000000002
RIP=0x00007ffd8ac45236, EFLAGS=0x0000000000010246

Top of Stack: (sp=0x0000007f0acff600)
0x0000007f0acff600:   0000024b98566080 0000000000000000
0x0000007f0acff610:   0000000000000000 0000000000000000
0x0000007f0acff620:   000c00100000e15f 00007ffd8afe5450
0x0000007f0acff630:   000c00100000e153 000d7bfe00012073
0x0000007f0acff640:   0000024b9848f870 000c00100000e153
0x0000007f0acff650:   000c00100000e154 000c00100000e15e
0x0000007f0acff660:   000c00100000e15f 00007ffd8b29e3b8
0x0000007f0acff670:   0000000000000000 0000024b984b4000
0x0000007f0acff680:   0000000000000000 0000024b984b4000
0x0000007f0acff690:   0000024b9848f870 00007ffd8b29e3b8
0x0000007f0acff6a0:   0000000000000000 00007ffd8b05880d
0x0000007f0acff6b0:   0000024b984b04d0 0000024b98566080
0x0000007f0acff6c0:   0000024bb43e30e0 0000000000000000
0x0000007f0acff6d0:   0000024bb43e30e0 0000000000000001
0x0000007f0acff6e0:   0000007f0acff840 00007ffd8ad1c86a
0x0000007f0acff6f0:   0000024b7e6c8e79 0000024b984b4000 

Instructions: (pc=0x00007ffd8ac45236)
0x00007ffd8ac45216:   4d a8 48 89 4d f0 48 89 5d e8 48 8b 05 c9 5f 79
0x00007ffd8ac45226:   00 4c 8b c3 48 83 c2 08 ff d0 48 3b c3 0f 94 c0
0x00007ffd8ac45236:   84 c0 75 35 8b 4f 08 41 ff c7 8d 04 09 44 3b f8
0x00007ffd8ac45246:   0f 82 05 fe ff ff 32 c0 4c 8d 9c 24 80 00 00 00 


Stack slot to memory mapping:
stack at sp + 0 slots: 0x0000024b98566080 points into unknown readable memory: 68 dd 29 8b fd 7f 00 00
stack at sp + 1 slots: 0x0 is NULL
stack at sp + 2 slots: 0x0 is NULL
stack at sp + 3 slots: 0x0 is NULL
stack at sp + 4 slots: 0x000c00100000e15f is an unknown value
stack at sp + 5 slots: 0x00007ffd8afe5450 jvm.dll
stack at sp + 6 slots: 0x000c00100000e153 is an unknown value
stack at sp + 7 slots: 0x000d7bfe00012073 is an unknown value


---------------  P R O C E S S  ---------------

Threads class SMR info:
_java_thread_list=0x0000024bc305c410, length=32, elements={
0x0000024b9849c000, 0x0000024bb2290000, 0x0000024bb2291800, 0x0000024bb3a52800,
0x0000024bb229b800, 0x0000024bb229c000, 0x0000024bb22a4000, 0x0000024bb22a5800,
0x0000024bb218b000, 0x0000024bb3d3f800, 0x0000024bb43e2000, 0x0000024bb44e0800,
0x0000024bb455a000, 0x0000024bb49c7000, 0x0000024bb516d000, 0x0000024bb52c9800,
0x0000024bb56b4000, 0x0000024bb56b3000, 0x0000024bb56b2800, 0x0000024bc2e62800,
0x0000024bc2e60800, 0x0000024bc2e5f000, 0x0000024bc2e64000, 0x0000024bc2e65800,
0x0000024bc2e60000, 0x0000024bc2e61800, 0x0000024bc2e69000, 0x0000024bb56b7000,
0x0000024bc2e63000, 0x0000024bc2e67800, 0x0000024bc2e66800, 0x0000024bc2e69800
}

Java Threads: ( => current thread )
  0x0000024b9849c000 JavaThread "main" [_thread_blocked, id=9904, stack(0x0000007f0ab00000,0x0000007f0ac00000)]
  0x0000024bb2290000 JavaThread "Reference Handler" daemon [_thread_blocked, id=9700, stack(0x0000007f0ae00000,0x0000007f0af00000)]
  0x0000024bb2291800 JavaThread "Finalizer" daemon [_thread_blocked, id=9496, stack(0x0000007f0af00000,0x0000007f0b000000)]
  0x0000024bb3a52800 JavaThread "Signal Dispatcher" daemon [_thread_blocked, id=8720, stack(0x0000007f0b000000,0x0000007f0b100000)]
  0x0000024bb229b800 JavaThread "Attach Listener" daemon [_thread_blocked, id=20756, stack(0x0000007f0b100000,0x0000007f0b200000)]
  0x0000024bb229c000 JavaThread "C2 CompilerThread0" daemon [_thread_blocked, id=15500, stack(0x0000007f0b200000,0x0000007f0b300000)]
  0x0000024bb22a4000 JavaThread "C1 CompilerThread0" daemon [_thread_blocked, id=13512, stack(0x0000007f0b300000,0x0000007f0b400000)]
  0x0000024bb22a5800 JavaThread "Sweeper thread" daemon [_thread_blocked, id=16040, stack(0x0000007f0b400000,0x0000007f0b500000)]
  0x0000024bb218b000 JavaThread "Common-Cleaner" daemon [_thread_blocked, id=1660, stack(0x0000007f0b500000,0x0000007f0b600000)]
  0x0000024bb3d3f800 JavaThread "Service Thread" daemon [_thread_blocked, id=19592, stack(0x0000007f0b700000,0x0000007f0b800000)]
  0x0000024bb43e2000 JavaThread "Active Thread: Equinox Container: 687b3019-bc2a-4318-9c24-e4d7d13c8f44" [_thread_blocked, id=17000, stack(0x0000007f0b900000,0x0000007f0ba00000)]
  0x0000024bb44e0800 JavaThread "Framework Event Dispatcher: Equinox Container: 687b3019-bc2a-4318-9c24-e4d7d13c8f44" daemon [_thread_blocked, id=12076, stack(0x0000007f0ba00000,0x0000007f0bb00000)]
  0x0000024bb455a000 JavaThread "Start Level: Equinox Container: 687b3019-bc2a-4318-9c24-e4d7d13c8f44" daemon [_thread_blocked, id=10636, stack(0x0000007f0bb00000,0x0000007f0bc00000)]
  0x0000024bb49c7000 JavaThread "SCR Component Actor" daemon [_thread_blocked, id=5828, stack(0x0000007f0bf00000,0x0000007f0c000000)]
  0x0000024bb516d000 JavaThread "Worker-JM" [_thread_blocked, id=19368, stack(0x0000007f0c100000,0x0000007f0c200000)]
  0x0000024bb52c9800 JavaThread "Java indexing" daemon [_thread_blocked, id=9732, stack(0x0000007f0c600000,0x0000007f0c700000)]
  0x0000024bb56b4000 JavaThread "logback configurator timer" daemon [_thread_blocked, id=14584, stack(0x0000007f0c700000,0x0000007f0c800000)]
  0x0000024bb56b3000 JavaThread "pool-2-thread-1" [_thread_in_native, id=6364, stack(0x0000007f0c800000,0x0000007f0c900000)]
  0x0000024bb56b2800 JavaThread "Bundle File Closer" daemon [_thread_blocked, id=12612, stack(0x0000007f0cd00000,0x0000007f0ce00000)]
  0x0000024bc2e62800 JavaThread "ForkJoinPool.commonPool-worker-3" daemon [_thread_blocked, id=2688, stack(0x0000007f0cf00000,0x0000007f0d000000)]
  0x0000024bc2e60800 JavaThread "ForkJoinPool.commonPool-worker-5" daemon [_thread_blocked, id=11804, stack(0x0000007f0d000000,0x0000007f0d100000)]
  0x0000024bc2e5f000 JavaThread "ForkJoinPool.commonPool-worker-7" daemon [_thread_blocked, id=15076, stack(0x0000007f0d100000,0x0000007f0d200000)]
  0x0000024bc2e64000 JavaThread "ForkJoinPool.commonPool-worker-9" daemon [_thread_blocked, id=10396, stack(0x0000007f0d200000,0x0000007f0d300000)]
  0x0000024bc2e65800 JavaThread "ForkJoinPool.commonPool-worker-11" daemon [_thread_blocked, id=19236, stack(0x0000007f0d300000,0x0000007f0d400000)]
  0x0000024bc2e60000 JavaThread "Java Debug Server" daemon [_thread_in_native, id=8532, stack(0x0000007f0b600000,0x0000007f0b700000)]
  0x0000024bc2e61800 JavaThread "RxSchedulerPurge-1" daemon [_thread_blocked, id=14824, stack(0x0000007f0d500000,0x0000007f0d600000)]
  0x0000024bc2e69000 JavaThread "RxCachedWorkerPoolEvictor-1" daemon [_thread_blocked, id=17424, stack(0x0000007f0d700000,0x0000007f0d800000)]
  0x0000024bb56b7000 JavaThread "Worker-13" [_thread_blocked, id=7000, stack(0x0000007f0a900000,0x0000007f0aa00000)]
  0x0000024bc2e63000 JavaThread "Worker-15" [_thread_blocked, id=2400, stack(0x0000007f0c200000,0x0000007f0c300000)]
  0x0000024bc2e67800 JavaThread "Worker-17" [_thread_blocked, id=19616, stack(0x0000007f0a800000,0x0000007f0a900000)]
  0x0000024bc2e66800 JavaThread "Worker-18" [_thread_blocked, id=15144, stack(0x0000007f0aa00000,0x0000007f0ab00000)]
  0x0000024bc2e69800 JavaThread "Worker-20" [_thread_blocked, id=14948, stack(0x0000007f0c000000,0x0000007f0c100000)]

Other Threads:
  0x0000024b98567800 VMThread "VM Thread" [stack: 0x0000007f0ad00000,0x0000007f0ae00000] [id=14812]
  0x0000024bb3e02800 WatcherThread [stack: 0x0000007f0b800000,0x0000007f0b900000] [id=17236]
=>0x0000024b984b4000 GCTaskThread "ParGC Thread#0" [stack: 0x0000007f0ac00000,0x0000007f0ad00000] [id=20848]
  0x0000024bb4312800 GCTaskThread "ParGC Thread#1" [stack: 0x0000007f0bc00000,0x0000007f0bd00000] [id=1640]
  0x0000024bb430f800 GCTaskThread "ParGC Thread#2" [stack: 0x0000007f0bd00000,0x0000007f0be00000] [id=19608]
  0x0000024bb4310800 GCTaskThread "ParGC Thread#3" [stack: 0x0000007f0be00000,0x0000007f0bf00000] [id=260]
  0x0000024bb511a000 GCTaskThread "ParGC Thread#4" [stack: 0x0000007f0c300000,0x0000007f0c400000] [id=16592]
  0x0000024bb51e5000 GCTaskThread "ParGC Thread#5" [stack: 0x0000007f0c400000,0x0000007f0c500000] [id=14208]

Threads with active compile tasks:

VM state:at safepoint (normal execution)

VM Mutex/Monitor currently owned by a thread:  ([mutex/lock_event])
[0x0000024b9849a500] Threads_lock - owner thread: 0x0000024b98567800
[0x0000024b9849b790] Heap_lock - owner thread: 0x0000024bc2e60800

Heap address: 0x00000000c0000000, size: 1024 MB, Compressed Oops mode: 32-bit
Narrow klass base: 0x0000000000000000, Narrow klass shift: 3
Compressed class space size: 1073741824 Address: 0x0000000100000000

Heap:
 PSYoungGen      total 3072K, used 1024K [0x00000000eab00000, 0x00000000eb000000, 0x0000000100000000)
  eden space 1024K, 100% used [0x00000000eab00000,0x00000000eac00000,0x00000000eac00000)
  from space 2048K, 0% used [0x00000000eac00000,0x00000000eac00000,0x00000000eae00000)
  to   space 2048K, 48% used [0x00000000eae00000,0x00000000eaef8000,0x00000000eb000000)
 ParOldGen       total 214016K, used 191716K [0x00000000c0000000, 0x00000000cd100000, 0x00000000eab00000)
  object space 214016K, 89% used [0x00000000c0000000,0x00000000cbb39390,0x00000000cd100000)
 Metaspace       used 82801K, capacity 86341K, committed 86784K, reserved 1126400K
  class space    used 7461K, capacity 8785K, committed 8960K, reserved 1048576K

Card table byte_map: [0x0000024b97e60000,0x0000024b98070000] _byte_map_base: 0x0000024b97860000

Marking Bits: (ParMarkBitMap*) 0x00007ffd8b43e2a0
 Begin Bits: [0x0000024baf8b0000, 0x0000024bb08b0000)
 End Bits:   [0x0000024bb08b0000, 0x0000024bb18b0000)

Polling page: 0x0000024b96410000

Metaspace:

Usage:
  Non-class:     75.74 MB capacity,    73.57 MB ( 97%) used,     1.98 MB (  3%) free+waste,   187.13 KB ( <1%) overhead. 
      Class:      8.58 MB capacity,     7.29 MB ( 85%) used,     1.22 MB ( 14%) free+waste,    77.63 KB ( <1%) overhead. 
       Both:     84.32 MB capacity,    80.86 MB ( 96%) used,     3.20 MB (  4%) free+waste,   264.75 KB ( <1%) overhead. 

Virtual space:
  Non-class space:       76.00 MB reserved,      76.00 MB (100%) committed 
      Class space:        1.00 GB reserved,       8.75 MB ( <1%) committed 
             Both:        1.07 GB reserved,      84.75 MB (  8%) committed 

Chunk freelists:
   Non-Class:  25.50 KB
       Class:  13.88 KB
        Both:  39.38 KB

CodeHeap 'non-profiled nmethods': size=120064Kb used=19304Kb max_used=19304Kb free=100760Kb
 bounds [0x0000024ba8370000, 0x0000024ba9660000, 0x0000024baf8b0000]
CodeHeap 'profiled nmethods': size=120000Kb used=34461Kb max_used=37575Kb free=85538Kb
 bounds [0x0000024ba0e40000, 0x0000024ba33b0000, 0x0000024ba8370000]
CodeHeap 'non-nmethods': size=5696Kb used=1303Kb max_used=1376Kb free=4392Kb
 bounds [0x0000024ba08b0000, 0x0000024ba0b20000, 0x0000024ba0e40000]
 total_blobs=16697 nmethods=15998 adapters=606
 compilation: enabled
              stopped_count=0, restarted_count=0
 full_count=0

Compilation events (10 events):
Event: 2728.236 Thread 0x0000024bb229c000 22751       4       org.eclipse.jdt.internal.corext.dom.GenericVisitor::endVisit (6 bytes)
Event: 2728.236 Thread 0x0000024bb229c000 nmethod 22751 0x0000024ba91f8290 code [0x0000024ba91f8420, 0x0000024ba91f8478]
Event: 2728.635 Thread 0x0000024bb229c000 22752       4       org.eclipse.jdt.internal.compiler.ast.TrueLiteral::literalType (4 bytes)
Event: 2728.635 Thread 0x0000024bb229c000 nmethod 22752 0x0000024ba947a290 code [0x0000024ba947a420, 0x0000024ba947a498]
Event: 2728.649 Thread 0x0000024bb229c000 22753   !   4       org.eclipse.jdt.internal.compiler.parser.Scanner::getNextChar (168 bytes)
Event: 2728.650 Thread 0x0000024bb229c000 nmethod 22753 0x0000024ba95c2390 code [0x0000024ba95c2520, 0x0000024ba95c27b8]
Event: 2729.562 Thread 0x0000024bb22a4000 22754   !   3       org.eclipse.jdt.internal.core.BinaryType::getTypeQualifiedName (10 bytes)
Event: 2729.562 Thread 0x0000024bb22a4000 nmethod 22754 0x0000024ba0e6a990 code [0x0000024ba0e6ab40, 0x0000024ba0e6ad90]
Event: 2730.456 Thread 0x0000024bb229c000 22755       4       org.eclipse.jdt.internal.core.CompilationUnit::isConsistent (19 bytes)
Event: 2730.497 Thread 0x0000024bb229c000 nmethod 22755 0x0000024ba95f2f90 code [0x0000024ba95f3260, 0x0000024ba95f56d0]

GC Heap History (10 events):
Event: 2730.823 GC heap after
{Heap after GC invocations=7735 (full 153):
 PSYoungGen      total 2560K, used 352K [0x00000000eab00000, 0x00000000eae80000, 0x0000000100000000)
  eden space 1536K, 0% used [0x00000000eab00000,0x00000000eab00000,0x00000000eac80000)
  from space 1024K, 34% used [0x00000000ead00000,0x00000000ead58000,0x00000000eae00000)
  to   space 512K, 0% used [0x00000000eae00000,0x00000000eae00000,0x00000000eae80000)
 ParOldGen       total 215040K, used 212441K [0x00000000c0000000, 0x00000000cd200000, 0x00000000eab00000)
  object space 215040K, 98% used [0x00000000c0000000,0x00000000ccf76728,0x00000000cd200000)
 Metaspace       used 82801K, capacity 86341K, committed 86784K, reserved 1126400K
  class space    used 7461K, capacity 8785K, committed 8960K, reserved 1048576K
}
Event: 2730.826 GC heap before
{Heap before GC invocations=7736 (full 153):
 PSYoungGen      total 2560K, used 1888K [0x00000000eab00000, 0x00000000eae80000, 0x0000000100000000)
  eden space 1536K, 100% used [0x00000000eab00000,0x00000000eac80000,0x00000000eac80000)
  from space 1024K, 34% used [0x00000000ead00000,0x00000000ead58000,0x00000000eae00000)
  to   space 512K, 0% used [0x00000000eae00000,0x00000000eae00000,0x00000000eae80000)
 ParOldGen       total 215040K, used 212441K [0x00000000c0000000, 0x00000000cd200000, 0x00000000eab00000)
  object space 215040K, 98% used [0x00000000c0000000,0x00000000ccf76728,0x00000000cd200000)
 Metaspace       used 82801K, capacity 86341K, committed 86784K, reserved 1126400K
  class space    used 7461K, capacity 8785K, committed 8960K, reserved 1048576K
}
Event: 2730.827 GC heap after
{Heap after GC invocations=7736 (full 153):
 PSYoungGen      total 2560K, used 128K [0x00000000eab00000, 0x00000000eae80000, 0x0000000100000000)
  eden space 2048K, 0% used [0x00000000eab00000,0x00000000eab00000,0x00000000ead00000)
  from space 512K, 25% used [0x00000000eae00000,0x00000000eae20000,0x00000000eae80000)
  to   space 512K, 0% used [0x00000000ead80000,0x00000000ead80000,0x00000000eae00000)
 ParOldGen       total 215040K, used 212553K [0x00000000c0000000, 0x00000000cd200000, 0x00000000eab00000)
  object space 215040K, 98% used [0x00000000c0000000,0x00000000ccf92728,0x00000000cd200000)
 Metaspace       used 82801K, capacity 86341K, committed 86784K, reserved 1126400K
  class space    used 7461K, capacity 8785K, committed 8960K, reserved 1048576K
}
Event: 2730.831 GC heap before
{Heap before GC invocations=7737 (full 153):
 PSYoungGen      total 2560K, used 2176K [0x00000000eab00000, 0x00000000eae80000, 0x0000000100000000)
  eden space 2048K, 100% used [0x00000000eab00000,0x00000000ead00000,0x00000000ead00000)
  from space 512K, 25% used [0x00000000eae00000,0x00000000eae20000,0x00000000eae80000)
  to   space 512K, 0% used [0x00000000ead80000,0x00000000ead80000,0x00000000eae00000)
 ParOldGen       total 215040K, used 212553K [0x00000000c0000000, 0x00000000cd200000, 0x00000000eab00000)
  object space 215040K, 98% used [0x00000000c0000000,0x00000000ccf92728,0x00000000cd200000)
 Metaspace       used 82801K, capacity 86341K, committed 86784K, reserved 1126400K
  class space    used 7461K, capacity 8785K, committed 8960K, reserved 1048576K
}
Event: 2730.831 GC heap after
{Heap after GC invocations=7737 (full 153):
 PSYoungGen      total 3072K, used 64K [0x00000000eab00000, 0x00000000eae80000, 0x0000000100000000)
  eden space 2560K, 0% used [0x00000000eab00000,0x00000000eab00000,0x00000000ead80000)
  from space 512K, 12% used [0x00000000ead80000,0x00000000ead90000,0x00000000eae00000)
  to   space 512K, 0% used [0x00000000eae00000,0x00000000eae00000,0x00000000eae80000)
 ParOldGen       total 215040K, used 212569K [0x00000000c0000000, 0x00000000cd200000, 0x00000000eab00000)
  object space 215040K, 98% used [0x00000000c0000000,0x00000000ccf96728,0x00000000cd200000)
 Metaspace       used 82801K, capacity 86341K, committed 86784K, reserved 1126400K
  class space    used 7461K, capacity 8785K, committed 8960K, reserved 1048576K
}
Event: 2731.843 GC heap before
{Heap before GC invocations=7738 (full 153):
 PSYoungGen      total 3072K, used 2624K [0x00000000eab00000, 0x00000000eae80000, 0x0000000100000000)
  eden space 2560K, 100% used [0x00000000eab00000,0x00000000ead80000,0x00000000ead80000)
  from space 512K, 12% used [0x00000000ead80000,0x00000000ead90000,0x00000000eae00000)
  to   space 512K, 0% used [0x00000000eae00000,0x00000000eae00000,0x00000000eae80000)
 ParOldGen       total 215040K, used 212569K [0x00000000c0000000, 0x00000000cd200000, 0x00000000eab00000)
  object space 215040K, 98% used [0x00000000c0000000,0x00000000ccf96728,0x00000000cd200000)
 Metaspace       used 82801K, capacity 86341K, committed 86784K, reserved 1126400K
  class space    used 7461K, capacity 8785K, committed 8960K, reserved 1048576K
}
Event: 2731.844 GC heap after
{Heap after GC invocations=7738 (full 153):
 PSYoungGen      total 1536K, used 501K [0x00000000eab00000, 0x00000000eb180000, 0x0000000100000000)
  eden space 1024K, 0% used [0x00000000eab00000,0x00000000eab00000,0x00000000eac00000)
  from space 512K, 97% used [0x00000000eae00000,0x00000000eae7d590,0x00000000eae80000)
  to   space 2048K, 0% used [0x00000000eac00000,0x00000000eac00000,0x00000000eae00000)
 ParOldGen       total 215040K, used 213727K [0x00000000c0000000, 0x00000000cd200000, 0x00000000eab00000)
  object space 215040K, 99% used [0x00000000c0000000,0x00000000cd0b7cb8,0x00000000cd200000)
 Metaspace       used 82801K, capacity 86341K, committed 86784K, reserved 1126400K
  class space    used 7461K, capacity 8785K, committed 8960K, reserved 1048576K
}
Event: 2731.844 GC heap before
{Heap before GC invocations=7739 (full 154):
 PSYoungGen      total 1536K, used 501K [0x00000000eab00000, 0x00000000eb180000, 0x0000000100000000)
  eden space 1024K, 0% used [0x00000000eab00000,0x00000000eab00000,0x00000000eac00000)
  from space 512K, 97% used [0x00000000eae00000,0x00000000eae7d590,0x00000000eae80000)
  to   space 2048K, 0% used [0x00000000eac00000,0x00000000eac00000,0x00000000eae00000)
 ParOldGen       total 215040K, used 213727K [0x00000000c0000000, 0x00000000cd200000, 0x00000000eab00000)
  object space 215040K, 99% used [0x00000000c0000000,0x00000000cd0b7cb8,0x00000000cd200000)
 Metaspace       used 82801K, capacity 86341K, committed 86784K, reserved 1126400K
  class space    used 7461K, capacity 8785K, committed 8960K, reserved 1048576K
}
Event: 2731.948 GC heap after
{Heap after GC invocations=7739 (full 154):
 PSYoungGen      total 3072K, used 0K [0x00000000eab00000, 0x00000000eb000000, 0x0000000100000000)
  eden space 1024K, 0% used [0x00000000eab00000,0x00000000eab00000,0x00000000eac00000)
  from space 2048K, 0% used [0x00000000eac00000,0x00000000eac00000,0x00000000eae00000)
  to   space 2048K, 0% used [0x00000000eae00000,0x00000000eae00000,0x00000000eb000000)
 ParOldGen       total 214016K, used 191716K [0x00000000c0000000, 0x00000000cd100000, 0x00000000eab00000)
  object space 214016K, 89% used [0x00000000c0000000,0x00000000cbb39390,0x00000000cd100000)
 Metaspace       used 82801K, capacity 86341K, committed 86784K, reserved 1126400K
  class space    used 7461K, capacity 8785K, committed 8960K, reserved 1048576K
}
Event: 2731.951 GC heap before
{Heap before GC invocations=7740 (full 154):
 PSYoungGen      total 3072K, used 1024K [0x00000000eab00000, 0x00000000eb000000, 0x0000000100000000)
  eden space 1024K, 100% used [0x00000000eab00000,0x00000000eac00000,0x00000000eac00000)
  from space 2048K, 0% used [0x00000000eac00000,0x00000000eac00000,0x00000000eae00000)
  to   space 2048K, 0% used [0x00000000eae00000,0x00000000eae00000,0x00000000eb000000)
 ParOldGen       total 214016K, used 191716K [0x00000000c0000000, 0x00000000cd100000, 0x00000000eab00000)
  object space 214016K, 89% used [0x00000000c0000000,0x00000000cbb39390,0x00000000cd100000)
 Metaspace       used 82801K, capacity 86341K, committed 86784K, reserved 1126400K
  class space    used 7461K, capacity 8785K, committed 8960K, reserved 1048576K
}

Deoptimization events (10 events):
Event: 2694.182 Thread 0x0000024bc2e64000 Uncommon trap: reason=bimorphic_or_optimized_type_check action=maybe_recompile pc=0x0000024ba91f8620 method=org.eclipse.jdt.internal.compiler.parser.Scanner.getNextChar(C)Z @ 64 c2
Event: 2694.182 Thread 0x0000024bc2e64000 Uncommon trap: reason=bimorphic_or_optimized_type_check action=maybe_recompile pc=0x0000024ba91f8620 method=org.eclipse.jdt.internal.compiler.parser.Scanner.getNextChar(C)Z @ 64 c2
Event: 2694.182 Thread 0x0000024bc2e64000 Uncommon trap: reason=bimorphic_or_optimized_type_check action=maybe_recompile pc=0x0000024ba91f8620 method=org.eclipse.jdt.internal.compiler.parser.Scanner.getNextChar(C)Z @ 64 c2
Event: 2694.182 Thread 0x0000024bc2e64000 Uncommon trap: reason=unstable_if action=reinterpret pc=0x0000024ba95c5060 method=org.eclipse.jdt.internal.codeassist.complete.CompletionScanner.getNextToken0()I @ 1518 c2
Event: 2694.182 Thread 0x0000024bc2e64000 Uncommon trap: reason=bimorphic_or_optimized_type_check action=maybe_recompile pc=0x0000024ba889c198 method=org.eclipse.jdt.internal.compiler.parser.Scanner.getNextChar(CC)I @ 59 c2
Event: 2694.182 Thread 0x0000024bc2e64000 Uncommon trap: reason=bimorphic_or_optimized_type_check action=maybe_recompile pc=0x0000024ba889c198 method=org.eclipse.jdt.internal.compiler.parser.Scanner.getNextChar(CC)I @ 59 c2
Event: 2694.182 Thread 0x0000024bc2e64000 Uncommon trap: reason=bimorphic_or_optimized_type_check action=maybe_recompile pc=0x0000024ba889c198 method=org.eclipse.jdt.internal.compiler.parser.Scanner.getNextChar(CC)I @ 59 c2
Event: 2694.183 Thread 0x0000024bc2e64000 Uncommon trap: reason=bimorphic_or_optimized_type_check action=maybe_recompile pc=0x0000024ba889c198 method=org.eclipse.jdt.internal.compiler.parser.Scanner.getNextChar(CC)I @ 59 c2
Event: 2694.452 Thread 0x0000024bc2e62800 Uncommon trap: reason=bimorphic_or_optimized_type_check action=maybe_recompile pc=0x0000024ba96335e0 method=org.eclipse.jdt.internal.compiler.parser.Scanner.getNextChar(C)Z @ 64 c2
Event: 2695.849 Thread 0x0000024bc2e60800 Uncommon trap: reason=unstable_if action=reinterpret pc=0x0000024ba88ee148 method=org.eclipse.core.internal.watson.ElementTree.getElementData(Lorg/eclipse/core/runtime/IPath;)Ljava/lang/Object; @ 17 c2

Classes redefined (0 events):
No events

Internal exceptions (10 events):
Event: 2695.001 Thread 0x0000024bc2e62800 Exception <a 'java/lang/ArrayIndexOutOfBoundsException'{0x00000000eab87f10}> (0x00000000eab87f10) thrown at [./open/src/hotspot/share/runtime/sharedRuntime.cpp, line 584]
Event: 2695.778 Thread 0x0000024bc2e66800 Exception <a 'java/lang/ArrayIndexOutOfBoundsException'{0x00000000eab42a70}> (0x00000000eab42a70) thrown at [./open/src/hotspot/share/runtime/sharedRuntime.cpp, line 584]
Event: 2695.840 Thread 0x0000024bc2e60800 Exception <a 'java/lang/ArrayIndexOutOfBoundsException'{0x00000000eac71448}> (0x00000000eac71448) thrown at [./open/src/hotspot/share/runtime/sharedRuntime.cpp, line 584]
Event: 2695.842 Thread 0x0000024bc2e5f000 Exception <a 'java/lang/ArrayIndexOutOfBoundsException'{0x00000000eab0c2f0}> (0x00000000eab0c2f0) thrown at [./open/src/hotspot/share/runtime/sharedRuntime.cpp, line 584]
Event: 2695.849 Thread 0x0000024bc2e60800 Implicit null exception at 0x0000024ba88ed226 to 0x0000024ba88ee12e
Event: 2696.465 Thread 0x0000024bc2e67800 Exception <a 'java/lang/ArrayIndexOutOfBoundsException'{0x00000000eac525e0}> (0x00000000eac525e0) thrown at [./open/src/hotspot/share/runtime/sharedRuntime.cpp, line 584]
Event: 2696.513 Thread 0x0000024bc2e60800 Exception <a 'java/lang/ArrayIndexOutOfBoundsException'{0x00000000eabc3500}> (0x00000000eabc3500) thrown at [./open/src/hotspot/share/runtime/sharedRuntime.cpp, line 584]
Event: 2697.370 Thread 0x0000024bb56b7000 Exception <a 'java/lang/ArrayIndexOutOfBoundsException'{0x00000000eabd2638}> (0x00000000eabd2638) thrown at [./open/src/hotspot/share/runtime/sharedRuntime.cpp, line 584]
Event: 2697.404 Thread 0x0000024bc2e5f000 Exception <a 'java/lang/ArrayIndexOutOfBoundsException'{0x00000000eab34dc0}> (0x00000000eab34dc0) thrown at [./open/src/hotspot/share/runtime/sharedRuntime.cpp, line 584]
Event: 2697.405 Thread 0x0000024bc2e60800 Exception <a 'java/lang/ArrayIndexOutOfBoundsException'{0x00000000eabd3f68}> (0x00000000eabd3f68) thrown at [./open/src/hotspot/share/runtime/sharedRuntime.cpp, line 584]

Events (10 events):
Event: 2730.813 Executing VM operation: ParallelGCFailedAllocation done
Event: 2730.822 Executing VM operation: ParallelGCFailedAllocation
Event: 2730.823 Executing VM operation: ParallelGCFailedAllocation done
Event: 2730.826 Executing VM operation: ParallelGCFailedAllocation
Event: 2730.827 Executing VM operation: ParallelGCFailedAllocation done
Event: 2730.831 Executing VM operation: ParallelGCFailedAllocation
Event: 2730.831 Executing VM operation: ParallelGCFailedAllocation done
Event: 2731.843 Executing VM operation: ParallelGCFailedAllocation
Event: 2731.948 Executing VM operation: ParallelGCFailedAllocation done
Event: 2731.951 Executing VM operation: ParallelGCFailedAllocation


Dynamic libraries:
0x00007ff66be20000 - 0x00007ff66be2f000 	C:\Program Files\Java\jdk-11.0.8\bin\java.exe
0x00007ffdfe270000 - 0x00007ffdfe465000 	C:\WINDOWS\SYSTEM32\ntdll.dll
0x00007ffdfe170000 - 0x00007ffdfe22d000 	C:\WINDOWS\System32\KERNEL32.DLL
0x00007ffdfbbe0000 - 0x00007ffdfbea9000 	C:\WINDOWS\System32\KERNELBASE.dll
0x00007ffdfc1d0000 - 0x00007ffdfc2d0000 	C:\WINDOWS\System32\ucrtbase.dll
0x00007ffde9fd0000 - 0x00007ffde9fe8000 	C:\Program Files\Java\jdk-11.0.8\bin\jli.dll
0x00007ffde9ff0000 - 0x00007ffdea005000 	C:\Program Files\Java\jdk-11.0.8\bin\VCRUNTIME140.dll
0x00007ffdfc610000 - 0x00007ffdfc6bc000 	C:\WINDOWS\System32\ADVAPI32.dll
0x00007ffdfc500000 - 0x00007ffdfc59e000 	C:\WINDOWS\System32\msvcrt.dll
0x00007ffdfc390000 - 0x00007ffdfc42c000 	C:\WINDOWS\System32\sechost.dll
0x00007ffdfd3b0000 - 0x00007ffdfd4db000 	C:\WINDOWS\System32\RPCRT4.dll
0x00007ffdfc6c0000 - 0x00007ffdfc860000 	C:\WINDOWS\System32\USER32.dll
0x00007ffdfbeb0000 - 0x00007ffdfbed2000 	C:\WINDOWS\System32\win32u.dll
0x00007ffdda6f0000 - 0x00007ffdda98a000 	C:\WINDOWS\WinSxS\amd64_microsoft.windows.common-controls_6595b64144ccf1df_6.0.19041.844_none_ca00b6081b84eb1d\COMCTL32.dll
0x00007ffdfc860000 - 0x00007ffdfc88a000 	C:\WINDOWS\System32\GDI32.dll
0x00007ffdfc0c0000 - 0x00007ffdfc1cb000 	C:\WINDOWS\System32\gdi32full.dll
0x00007ffdfbee0000 - 0x00007ffdfbf7d000 	C:\WINDOWS\System32\msvcp_win.dll
0x00007ffdf5580000 - 0x00007ffdf558a000 	C:\WINDOWS\SYSTEM32\VERSION.dll
0x00007ffdfd4e0000 - 0x00007ffdfd510000 	C:\WINDOWS\System32\IMM32.DLL
0x00007ffde79a0000 - 0x00007ffde7a3b000 	C:\Program Files\Java\jdk-11.0.8\bin\msvcp140.dll
0x00007ffd8aa10000 - 0x00007ffd8b4f6000 	C:\Program Files\Java\jdk-11.0.8\bin\server\jvm.dll
0x00007ffdfd570000 - 0x00007ffdfd578000 	C:\WINDOWS\System32\PSAPI.DLL
0x00007ffdec000000 - 0x00007ffdec009000 	C:\WINDOWS\SYSTEM32\WSOCK32.dll
0x00007ffdfc5a0000 - 0x00007ffdfc60b000 	C:\WINDOWS\System32\WS2_32.dll
0x00007ffdf0a90000 - 0x00007ffdf0ab7000 	C:\WINDOWS\SYSTEM32\WINMM.dll
0x00007ffdf9380000 - 0x00007ffdf9392000 	C:\WINDOWS\SYSTEM32\kernel.appcore.dll
0x00007ffdebfc0000 - 0x00007ffdebfd0000 	C:\Program Files\Java\jdk-11.0.8\bin\verify.dll
0x00007ffdec2c0000 - 0x00007ffdec4a4000 	C:\WINDOWS\SYSTEM32\DBGHELP.DLL
0x00007ffdec290000 - 0x00007ffdec2bc000 	C:\WINDOWS\SYSTEM32\dbgcore.DLL
0x00007ffdfbb10000 - 0x00007ffdfbb90000 	C:\WINDOWS\System32\bcryptPrimitives.dll
0x00007ffde83c0000 - 0x00007ffde83e8000 	C:\Program Files\Java\jdk-11.0.8\bin\java.dll
0x00007ffdebfa0000 - 0x00007ffdebfaa000 	C:\Program Files\Java\jdk-11.0.8\bin\jimage.dll
0x00007ffde9b00000 - 0x00007ffde9b16000 	C:\Program Files\Java\jdk-11.0.8\bin\zip.dll
0x00007ffdfd580000 - 0x00007ffdfdcc2000 	C:\WINDOWS\System32\SHELL32.dll
0x00007ffdf9b30000 - 0x00007ffdfa2c0000 	C:\WINDOWS\SYSTEM32\windows.storage.dll
0x00007ffdfdcd0000 - 0x00007ffdfe025000 	C:\WINDOWS\System32\combase.dll
0x00007ffdfb420000 - 0x00007ffdfb44c000 	C:\WINDOWS\SYSTEM32\Wldp.dll
0x00007ffdfe030000 - 0x00007ffdfe0de000 	C:\WINDOWS\System32\SHCORE.dll
0x00007ffdfd230000 - 0x00007ffdfd285000 	C:\WINDOWS\System32\shlwapi.dll
0x00007ffdfb8f0000 - 0x00007ffdfb90f000 	C:\WINDOWS\SYSTEM32\profapi.dll
0x00007ffde7ef0000 - 0x00007ffde7f09000 	C:\Program Files\Java\jdk-11.0.8\bin\net.dll
0x00007ffdeb670000 - 0x00007ffdeb77c000 	C:\WINDOWS\SYSTEM32\WINHTTP.dll
0x00007ffdfb1a0000 - 0x00007ffdfb20a000 	C:\WINDOWS\system32\mswsock.dll
0x00007ffde7ed0000 - 0x00007ffde7ee2000 	C:\Program Files\Java\jdk-11.0.8\bin\nio.dll
0x00007ffdfb370000 - 0x00007ffdfb388000 	C:\WINDOWS\SYSTEM32\CRYPTSP.dll
0x00007ffdfaa70000 - 0x00007ffdfaaa4000 	C:\WINDOWS\system32\rsaenh.dll
0x00007ffdfc030000 - 0x00007ffdfc057000 	C:\WINDOWS\System32\bcrypt.dll
0x00007ffdfb870000 - 0x00007ffdfb89e000 	C:\WINDOWS\SYSTEM32\USERENV.dll
0x00007ffdfb390000 - 0x00007ffdfb39c000 	C:\WINDOWS\SYSTEM32\CRYPTBASE.dll
0x00007ffdfae40000 - 0x00007ffdfae7b000 	C:\WINDOWS\SYSTEM32\IPHLPAPI.DLL
0x00007ffdfc2d0000 - 0x00007ffdfc2d8000 	C:\WINDOWS\System32\NSI.dll
0x00007ffde6680000 - 0x00007ffde6697000 	C:\WINDOWS\SYSTEM32\dhcpcsvc6.DLL
0x00007ffde65f0000 - 0x00007ffde660d000 	C:\WINDOWS\SYSTEM32\dhcpcsvc.DLL
0x00007ffdfae90000 - 0x00007ffdfaf5b000 	C:\WINDOWS\SYSTEM32\DNSAPI.dll
0x00007ffde7900000 - 0x00007ffde7929000 	C:\Users\Huy Nguyen\AppData\Roaming\Code\User\globalStorage\redhat.java\0.76.0\config_win\org.eclipse.equinox.launcher\org.eclipse.equinox.launcher.win32.win32.x86_64_1.2.100.v20210209-1541\eclipse_11301.dll
0x00007ffde7bb0000 - 0x00007ffde7bc1000 	C:\Users\Huy Nguyen\AppData\Roaming\Code\User\globalStorage\redhat.java\0.76.0\config_win\org.eclipse.osgi\23\0\.cp\jWinHttp-1.0.0.dll
0x00007ffdfd100000 - 0x00007ffdfd22a000 	C:\WINDOWS\System32\ole32.dll

dbghelp: loaded successfully - version: 4.0.5 - missing functions: none
symbol engine: initialized successfully - sym options: 0x614 - pdb path: .;C:\Program Files\Java\jdk-11.0.8\bin;C:\WINDOWS\SYSTEM32;C:\WINDOWS\WinSxS\amd64_microsoft.windows.common-controls_6595b64144ccf1df_6.0.19041.844_none_ca00b6081b84eb1d;C:\Program Files\Java\jdk-11.0.8\bin\server;C:\Users\Huy Nguyen\AppData\Roaming\Code\User\globalStorage\redhat.java\0.76.0\config_win\org.eclipse.equinox.launcher\org.eclipse.equinox.launcher.win32.win32.x86_64_1.2.100.v20210209-1541;C:\Users\Huy Nguyen\AppData\Roaming\Code\User\globalStorage\redhat.java\0.76.0\config_win\org.eclipse.osgi\23\0\.cp

VM Arguments:
jvm_args: --add-modules=ALL-SYSTEM --add-opens=java.base/java.util=ALL-UNNAMED --add-opens=java.base/java.lang=ALL-UNNAMED -Declipse.application=org.eclipse.jdt.ls.core.id1 -Dosgi.bundles.defaultStartLevel=4 -Declipse.product=org.eclipse.jdt.ls.core.product -Dfile.encoding=utf8 -DwatchParentProcess=false -XX:+UseParallelGC -XX:GCTimeRatio=4 -XX:AdaptiveSizePolicyWeight=90 -Dsun.zip.disableMemoryMapping=true -Xmx1G -Xms100m -Xverify:none 
java_command: c:\Users\Huy Nguyen\.vscode\extensions\redhat.java-0.76.0\server\plugins\org.eclipse.equinox.launcher_1.6.100.v20201223-0822.jar -configuration c:\Users\Huy Nguyen\AppData\Roaming\Code\User\globalStorage\redhat.java\0.76.0\config_win -data c:\Users\Huy Nguyen\AppData\Roaming\Code\User\workspaceStorage\97368539f4f233468a3b03941c36d331\redhat.java\jdt_ws
java_class_path (initial): c:\Users\Huy Nguyen\.vscode\extensions\redhat.java-0.76.0\server\plugins\org.eclipse.equinox.launcher_1.6.100.v20201223-0822.jar
Launcher Type: SUN_STANDARD

[Global flags]
    uintx AdaptiveSizePolicyWeight                 = 90                                        {product} {command line}
     bool BytecodeVerificationLocal                = false                                     {product} {command line}
     bool BytecodeVerificationRemote               = false                                     {product} {command line}
     intx CICompilerCount                          = 3                                         {product} {ergonomic}
    uintx GCTimeRatio                              = 4                                         {product} {command line}
   size_t InitialHeapSize                          = 104857600                                 {product} {command line}
   size_t MaxHeapSize                              = 1073741824                                {product} {command line}
   size_t MaxNewSize                               = 357564416                                 {product} {ergonomic}
   size_t MinHeapDeltaBytes                        = 524288                                    {product} {ergonomic}
   size_t NewSize                                  = 34603008                                  {product} {ergonomic}
    uintx NonNMethodCodeHeapSize                   = 5830732                                {pd product} {ergonomic}
    uintx NonProfiledCodeHeapSize                  = 122913754                              {pd product} {ergonomic}
   size_t OldSize                                  = 70254592                                  {product} {ergonomic}
    uintx ProfiledCodeHeapSize                     = 122913754                              {pd product} {ergonomic}
    uintx ReservedCodeCacheSize                    = 251658240                              {pd product} {ergonomic}
     bool SegmentedCodeCache                       = true                                      {product} {ergonomic}
     bool UseCompressedClassPointers               = true                                 {lp64_product} {ergonomic}
     bool UseCompressedOops                        = true                                 {lp64_product} {ergonomic}
     bool UseLargePagesIndividualAllocation        = false                                  {pd product} {ergonomic}
     bool UseParallelGC                            = true                                      {product} {command line}

Logging:
Log output configuration:
 #0: stdout all=warning uptime,level,tags
 #1: stderr all=off uptime,level,tags

Environment Variables:
JAVA_HOME=C:\Program Files\Java\jdk-11.0.8
PATH=C:\Program Files\NVIDIA GPU Computing Toolkit\CUDA\v11.1\bin;C:\Program Files\NVIDIA GPU Computing Toolkit\CUDA\v11.1\libnvvp;;C:\Program Files (x86)\VMware\VMware Workstation\bin\;C:\Program Files\Microsoft MPI\Bin\;C:\Program Files\Common Files\Oracle\Java\javapath;C:\Program Files (x86)\Common Files\Oracle\Java\javapath;C:\Program Files\MongoDB\Server\4.2\bin;C:\Program Files\Git\cmd;C:\WINDOWS\SYSTEM32;C:\Program Files\Java\jdk1.8.0_261\bin;C:\Program Files\Java\jre1.8.0_261\bin;C:\Program Files\NVIDIA Corporation\NVIDIA NvDLISR;C:\Program Files\Java\jdk-11.0.8\bin;C:\Program Files\Microsoft SQL Server\Client SDK\ODBC\170\Tools\Binn\;C:\Program Files (x86)\Microsoft SQL Server\150\Tools\Binn\;C:\Program Files\Microsoft SQL Server\150\Tools\Binn\;C:\Program Files\Microsoft SQL Server\150\DTS\Binn\;C:\Program Files\Microsoft SQL Server\130\Tools\Binn\;C:\Program Files (x86)\Microsoft SQL Server\150\DTS\Binn\;C:\Program Files\Azure Data Studio\bin;C:\Python38;C:\Program Files\dotnet\;C:\Program Files\nodejs\;C:\ProgramData\chocolatey\bin;C:\Program Files\Git\mingw64\bin;C:\Program Files\Git\mingw64\libexec\git-core;C:\Program Files (x86)\dotnet\;C:\Users\Huy Nguyen\AppData\Local\Android\Sdk\platform-tools\;C:\Program Files\NVIDIA Corporation\Nsight Compute 2020.2.0\;C:\WINDOWS\system32;C:\WINDOWS;C:\WINDOWS\System32\Wbem;C:\WINDOWS\System32\WindowsPowerShell\v1.0\;C:\WINDOWS\System32\OpenSSH\;C:\Users\Huy Nguyen\AppData\Local\Programs\Python\Python38\Scripts\;C:\Users\Huy Nguyen\AppData\Local\Programs\Python\Python38\;C:\Program Files\MySQL\MySQL Shell 8.0\bin\;C:\Users\Huy Nguyen\AppData\Local\Microsoft\WindowsApps;C:\Users\Huy Nguyen\AppData\Local\atom\bin;C:\Program Files\nodejs;C:\Users\Huy Nguyen\AppData\Local\hyper\app-3.0.2\resources\bin;C:\WINDOWS\SYSTEM32;C:\Program Files\JetBrains\IntelliJ IDEA Community Edition 2020.2.2\bin;;C:\Users\Huy Nguyen\AppData\Local\Programs\Microsoft VS Code\bin;C:\Program Files\Azure Data Studio\bin;C:\Python38;C:\Users\Huy 
USERNAME=Huy Nguyen
OS=Windows_NT
PROCESSOR_IDENTIFIER=Intel64 Family 6 Model 158 Stepping 10, GenuineIntel



---------------  S Y S T E M  ---------------

OS: Windows 10 , 64 bit Build 19041 (10.0.19041.804)

CPU:total 6 (initial active 6) (6 cores per cpu, 1 threads per core) family 6 model 158 stepping 10, cmov, cx8, fxsr, mmx, sse, sse2, sse3, ssse3, sse4.1, sse4.2, popcnt, avx, avx2, aes, clmul, erms, rtm, 3dnowpref, lzcnt, tsc, tscinvbit, bmi1, bmi2, adx, fma

Memory: 4k page, system-wide physical 16221M (6011M free)
TotalPageFile size 27000M (AvailPageFile size 9523M)
current process WorkingSet (physical memory assigned to process): 600M, peak: 729M
current process commit charge ("private bytes"): 514M, peak: 733M

vm_info: Java HotSpot(TM) 64-Bit Server VM (11.0.8+10-LTS) for windows-amd64 JRE (11.0.8+10-LTS), built on Jun 16 2020 05:53:08 by "mach5one" with unknown MS VC++:1916

END.
